app/build/outputs/logs/manifest-merger-debug-report.txt
-- Merging decision tree log ---
manifest
ADDED from src\main\AndroidManifest.xml:2:1-128:12
	package
		ADDED from src\main\AndroidManifest.xml:3:7-41
		INJECTED from src\main\AndroidManifest.xml
		INJECTED from src\main\AndroidManifest.xml
	android:versionName
		ADDED from src\main\AndroidManifest.xml:5:7-32
		INJECTED from src\main\AndroidManifest.xml
		INJECTED from src\main\AndroidManifest.xml
	xmlns:tools
		ADDED from src\main\AndroidManifest.xml:6:6-52
	android:versionCode
		ADDED from src\main\AndroidManifest.xml:4:7-30
		INJECTED from src\main\AndroidManifest.xml
		INJECTED from src\main\AndroidManifest.xml
	xmlns:android
		ADDED from src\main\AndroidManifest.xml:2:11-69
uses-sdk
ADDED from src\main\AndroidManifest.xml:7:5-109
MERGED from [salatAndroid-master:android-wheel:unspecified] AndroidManifest.xml:7:5-9:40
MERGED from [com.android.support:support-v4:24.2.1] AndroidManifest.xml:21:5-23:54
MERGED from [com.android.support:support-compat:24.2.1] AndroidManifest.xml:21:5-23:58
MERGED from [com.android.support:support-media-compat:24.2.1] AndroidManifest.xml:21:5-23:63
MERGED from [com.android.support:support-core-utils:24.2.1] AndroidManifest.xml:21:5-23:61
MERGED from [com.android.support:support-core-ui:24.2.1] AndroidManifest.xml:21:5-23:58
MERGED from [com.android.support:support-fragment:24.2.1] AndroidManifest.xml:21:5-23:60
	tools:overrideLibrary
		ADDED from src\main\AndroidManifest.xml:7:71-107
	android:targetSdkVersion
		ADDED from src\main\AndroidManifest.xml:7:42-70
		INJECTED from src\main\AndroidManifest.xml
		INJECTED from src\main\AndroidManifest.xml
	android:minSdkVersion
		ADDED from src\main\AndroidManifest.xml:7:15-40
		INJECTED from src\main\AndroidManifest.xml
		INJECTED from src\main\AndroidManifest.xml
permission#com.skanderjabouzi.salat.SEND_SALATTIME_NOTIFICATIONS
ADDED from src\main\AndroidManifest.xml:9:5-13:52
	android:label
		ADDED from src\main\AndroidManifest.xml:10:17-82
	android:protectionLevel
		ADDED from src\main\AndroidManifest.xml:13:17-49
	android:permissionGroup
		ADDED from src\main\AndroidManifest.xml:12:17-81
	android:description
		ADDED from src\main\AndroidManifest.xml:11:17-94
	android:name
		ADDED from src\main\AndroidManifest.xml:9:17-85
permission#com.skanderjabouzi.salat.RECEIVE_SALATTIME_NOTIFICATIONS
ADDED from src\main\AndroidManifest.xml:15:5-19:52
	android:label
		ADDED from src\main\AndroidManifest.xml:16:17-85
	android:protectionLevel
		ADDED from src\main\AndroidManifest.xml:19:17-49
	android:permissionGroup
		ADDED from src\main\AndroidManifest.xml:18:17-81
	android:description
		ADDED from src\main\AndroidManifest.xml:17:17-97
	android:name
		ADDED from src\main\AndroidManifest.xml:15:17-88
permission#com.skanderjabouzi.salat.SEND_LOCATION_NOTIFICATIONS
ADDED from src\main\AndroidManifest.xml:21:5-25:52
	android:label
		ADDED from src\main\AndroidManifest.xml:22:17-85
	android:protectionLevel
		ADDED from src\main\AndroidManifest.xml:25:17-49
	android:permissionGroup
		ADDED from src\main\AndroidManifest.xml:24:17-81
	android:description
		ADDED from src\main\AndroidManifest.xml:23:17-97
	android:name
		ADDED from src\main\AndroidManifest.xml:21:17-84
permission#com.skanderjabouzi.salat.RECEIVE_LOCATION_NOTIFICATIONS
ADDED from src\main\AndroidManifest.xml:27:5-31:52
	android:label
		ADDED from src\main\AndroidManifest.xml:28:17-88
	android:protectionLevel
		ADDED from src\main\AndroidManifest.xml:31:17-49
	android:permissionGroup
		ADDED from src\main\AndroidManifest.xml:30:17-81
	android:description
		ADDED from src\main\AndroidManifest.xml:29:17-100
	android:name
		ADDED from src\main\AndroidManifest.xml:27:17-87
permission#com.skanderjabouzi.salat.SEND_PHONE_NOTIFICATIONS
ADDED from src\main\AndroidManifest.xml:33:5-37:52
	android:label
		ADDED from src\main\AndroidManifest.xml:34:17-82
	android:protectionLevel
		ADDED from src\main\AndroidManifest.xml:37:17-49
	android:permissionGroup
		ADDED from src\main\AndroidManifest.xml:36:17-81
	android:description
		ADDED from src\main\AndroidManifest.xml:35:17-94
	android:name
		ADDED from src\main\AndroidManifest.xml:33:17-81
permission#com.skanderjabouzi.salat.RECEIVE_PHONE_NOTIFICATIONS
ADDED from src\main\AndroidManifest.xml:39:5-43:52
	android:label
		ADDED from src\main\AndroidManifest.xml:40:17-85
	android:protectionLevel
		ADDED from src\main\AndroidManifest.xml:43:17-49
	android:permissionGroup
		ADDED from src\main\AndroidManifest.xml:42:17-81
	android:description
		ADDED from src\main\AndroidManifest.xml:41:17-97
	android:name
		ADDED from src\main\AndroidManifest.xml:39:17-84
uses-permission#android.permission.INTERNET
ADDED from src\main\AndroidManifest.xml:45:5-67
	android:name
		ADDED from src\main\AndroidManifest.xml:45:22-64
uses-permission#android.permission.WAKE_LOCK
ADDED from src\main\AndroidManifest.xml:46:5-68
	android:name
		ADDED from src\main\AndroidManifest.xml:46:22-65
uses-permission#android.permission.VIBRATE
ADDED from src\main\AndroidManifest.xml:47:5-66
	android:name
		ADDED from src\main\AndroidManifest.xml:47:22-63
uses-permission#android.permission.RECEIVE_BOOT_COMPLETED
ADDED from src\main\AndroidManifest.xml:48:5-81
	android:name
		ADDED from src\main\AndroidManifest.xml:48:22-78
uses-permission#android.permission.ACCESS_FINE_LOCATION
ADDED from src\main\AndroidManifest.xml:49:5-79
	android:name
		ADDED from src\main\AndroidManifest.xml:49:22-76
uses-permission#android.permission.ACCESS_COARSE_LOCATION
ADDED from src\main\AndroidManifest.xml:50:2-78
	android:name
		ADDED from src\main\AndroidManifest.xml:50:19-75
uses-permission#android.permission.READ_PHONE_STATE
ADDED from src\main\AndroidManifest.xml:51:5-75
	android:name
		ADDED from src\main\AndroidManifest.xml:51:22-72
uses-permission#android.permission.SET_TIME
ADDED from src\main\AndroidManifest.xml:52:5-67
	android:name
		ADDED from src\main\AndroidManifest.xml:52:22-64
uses-permission#android.permission.SET_TIME_ZONE
ADDED from src\main\AndroidManifest.xml:53:5-72
	android:name
		ADDED from src\main\AndroidManifest.xml:53:22-69
uses-permission#android.permission.ACCESS_NETWORK_STATE
ADDED from src\main\AndroidManifest.xml:54:5-79
	android:name
		ADDED from src\main\AndroidManifest.xml:54:22-76
uses-permission#android.permission.WRITE_EXTERNAL_STORAGE
ADDED from src\main\AndroidManifest.xml:55:5-80
	android:name
		ADDED from src\main\AndroidManifest.xml:55:22-78
uses-permission#com.skanderjabouzi.salat.SEND_SALATTIME_NOTIFICATIONS
ADDED from src\main\AndroidManifest.xml:57:5-93
	android:name
		ADDED from src\main\AndroidManifest.xml:57:22-90
uses-permission#com.skanderjabouzi.salat.RECEIVE_SALATTIME_NOTIFICATIONS
ADDED from src\main\AndroidManifest.xml:58:5-96
	android:name
		ADDED from src\main\AndroidManifest.xml:58:22-93
uses-permission#com.skanderjabouzi.salat.SEND_LOCATION_NOTIFICATIONS
ADDED from src\main\AndroidManifest.xml:59:5-92
	android:name
		ADDED from src\main\AndroidManifest.xml:59:22-89
uses-permission#com.skanderjabouzi.salat.RECEIVE_LOCATION_NOTIFICATIONS
ADDED from src\main\AndroidManifest.xml:60:5-95
	android:name
		ADDED from src\main\AndroidManifest.xml:60:22-92
application
ADDED from src\main\AndroidManifest.xml:63:5-127:19
MERGED from [salatAndroid-master:android-wheel:unspecified] AndroidManifest.xml:11:5-12:19
MERGED from [com.android.support:support-v4:24.2.1] AndroidManifest.xml:25:5-20
MERGED from [com.android.support:support-compat:24.2.1] AndroidManifest.xml:25:5-20
MERGED from [com.android.support:support-media-compat:24.2.1] AndroidManifest.xml:25:5-20
MERGED from [com.android.support:support-core-utils:24.2.1] AndroidManifest.xml:25:5-20
MERGED from [com.android.support:support-core-ui:24.2.1] AndroidManifest.xml:25:5-20
MERGED from [com.android.support:support-fragment:24.2.1] AndroidManifest.xml:25:5-20
	android:label
		ADDED from src\main\AndroidManifest.xml:63:82-120
		REJECTED from [salatAndroid-master:android-wheel:unspecified] AndroidManifest.xml:11:18-54
	android:icon
		ADDED from src\main\AndroidManifest.xml:63:46-81
	tools:replace
		ADDED from src\main\AndroidManifest.xml:63:18-45
activity#com.skanderjabouzi.salat.SalatActivity
ADDED from src\main\AndroidManifest.xml:65:9-74:20
	android:screenOrientation
		ADDED from src\main\AndroidManifest.xml:67:19-55
	android:label
		ADDED from src\main\AndroidManifest.xml:66:19-57
	android:launchMode
		ADDED from src\main\AndroidManifest.xml:68:19-49
	android:theme
		ADDED from src\main\AndroidManifest.xml:69:19-83
	android:name
		ADDED from src\main\AndroidManifest.xml:65:19-72
intent-filter#android.intent.action.MAIN+android.intent.category.LAUNCHER
ADDED from src\main\AndroidManifest.xml:70:13-73:29
action#android.intent.action.MAIN
ADDED from src\main\AndroidManifest.xml:71:17-69
	android:name
		ADDED from src\main\AndroidManifest.xml:71:25-66
category#android.intent.category.LAUNCHER
ADDED from src\main\AndroidManifest.xml:72:17-77
	android:name
		ADDED from src\main\AndroidManifest.xml:72:27-74
activity#com.skanderjabouzi.salat.LocationActivity
ADDED from src\main\AndroidManifest.xml:76:5-78:43
	android:screenOrientation
		ADDED from src\main\AndroidManifest.xml:78:4-40
	android:label
		ADDED from src\main\AndroidManifest.xml:76:72-109
	android:theme
		ADDED from src\main\AndroidManifest.xml:77:4-68
	android:name
		ADDED from src\main\AndroidManifest.xml:76:15-71
activity#com.skanderjabouzi.salat.OptionsActivity
ADDED from src\main\AndroidManifest.xml:79:5-81:43
	android:screenOrientation
		ADDED from src\main\AndroidManifest.xml:81:4-40
	android:label
		ADDED from src\main\AndroidManifest.xml:79:71-107
	android:theme
		ADDED from src\main\AndroidManifest.xml:80:4-68
	android:name
		ADDED from src\main\AndroidManifest.xml:79:15-70
activity#com.skanderjabouzi.salat.SalatQibla
ADDED from src\main\AndroidManifest.xml:82:5-84:43
	android:screenOrientation
		ADDED from src\main\AndroidManifest.xml:84:4-40
	android:label
		ADDED from src\main\AndroidManifest.xml:82:66-105
	android:theme
		ADDED from src\main\AndroidManifest.xml:83:4-68
	android:name
		ADDED from src\main\AndroidManifest.xml:82:15-65
activity#com.skanderjabouzi.salat.MediaPlayerVideo
ADDED from src\main\AndroidManifest.xml:85:5-86:71
	android:screenOrientation
		ADDED from src\main\AndroidManifest.xml:85:72-109
	android:theme
		ADDED from src\main\AndroidManifest.xml:86:4-68
	android:name
		ADDED from src\main\AndroidManifest.xml:85:15-71
activity#com.skanderjabouzi.salat.Video
ADDED from src\main\AndroidManifest.xml:87:5-88:106
	android:screenOrientation
		ADDED from src\main\AndroidManifest.xml:87:61-98
	android:configChanges
		ADDED from src\main\AndroidManifest.xml:88:69-104
	android:theme
		ADDED from src\main\AndroidManifest.xml:88:4-68
	android:name
		ADDED from src\main\AndroidManifest.xml:87:15-60
activity#com.skanderjabouzi.salat.NextActivity
ADDED from src\main\AndroidManifest.xml:89:5-91:43
	android:screenOrientation
		ADDED from src\main\AndroidManifest.xml:91:4-40
	android:label
		ADDED from src\main\AndroidManifest.xml:89:68-101
	android:theme
		ADDED from src\main\AndroidManifest.xml:90:4-68
	android:name
		ADDED from src\main\AndroidManifest.xml:89:15-67
activity#com.skanderjabouzi.salat.HijriActivity
ADDED from src\main\AndroidManifest.xml:92:5-94:43
	android:screenOrientation
		ADDED from src\main\AndroidManifest.xml:94:4-40
	android:label
		ADDED from src\main\AndroidManifest.xml:92:69-103
	android:theme
		ADDED from src\main\AndroidManifest.xml:93:4-68
	android:name
		ADDED from src\main\AndroidManifest.xml:92:15-68
activity#com.skanderjabouzi.salat.SettingsActivity
ADDED from src\main\AndroidManifest.xml:95:5-97:43
	android:screenOrientation
		ADDED from src\main\AndroidManifest.xml:97:4-40
	android:label
		ADDED from src\main\AndroidManifest.xml:95:72-109
	android:theme
		ADDED from src\main\AndroidManifest.xml:96:4-68
	android:name
		ADDED from src\main\AndroidManifest.xml:95:15-71
service#com.skanderjabouzi.salat.AdhanService
ADDED from src\main\AndroidManifest.xml:99:5-91
	android:enabled
		ADDED from src\main\AndroidManifest.xml:99:67-89
	android:name
		ADDED from src\main\AndroidManifest.xml:99:14-66
service#com.skanderjabouzi.salat.LocationService
ADDED from src\main\AndroidManifest.xml:100:5-94
	android:enabled
		ADDED from src\main\AndroidManifest.xml:100:70-92
	android:name
		ADDED from src\main\AndroidManifest.xml:100:14-69
receiver#com.skanderjabouzi.salat.SalatBootReceiver
ADDED from src\main\AndroidManifest.xml:102:5-106:16
	android:name
		ADDED from src\main\AndroidManifest.xml:102:15-72
intent-filter#android.intent.action.BOOT_COMPLETED
ADDED from src\main\AndroidManifest.xml:103:7-105:23
action#android.intent.action.BOOT_COMPLETED
ADDED from src\main\AndroidManifest.xml:104:4-66
	android:name
		ADDED from src\main\AndroidManifest.xml:104:12-63
receiver#com.skanderjabouzi.salat.SalatPhoneReceiver
ADDED from src\main\AndroidManifest.xml:108:5-112:16
	android:name
		ADDED from src\main\AndroidManifest.xml:108:15-48
intent-filter#android.intent.action.PHONE_STATE
ADDED from src\main\AndroidManifest.xml:109:9-111:25
action#android.intent.action.PHONE_STATE
ADDED from src\main\AndroidManifest.xml:110:4-63
	android:name
		ADDED from src\main\AndroidManifest.xml:110:12-60
receiver#com.skanderjabouzi.salat.SalatTimeReciever
ADDED from src\main\AndroidManifest.xml:114:5-118:16
	android:name
		ADDED from src\main\AndroidManifest.xml:114:15-72
intent-filter#android.intent.action.TIME_SET
ADDED from src\main\AndroidManifest.xml:115:9-117:25
action#android.intent.action.TIME_SET
ADDED from src\main\AndroidManifest.xml:116:4-60
	android:name
		ADDED from src\main\AndroidManifest.xml:116:12-57
receiver#com.skanderjabouzi.salat.NetworkReceiver
ADDED from src\main\AndroidManifest.xml:120:5-125:16
	android:name
		ADDED from src\main\AndroidManifest.xml:120:15-70
intent-filter#android.intent.action.TIMEZONE_CHANGED+android.net.conn.CONNECTIVITY_CHANGE
ADDED from src\main\AndroidManifest.xml:121:3-124:19
action#android.intent.action.TIMEZONE_CHANGED
ADDED from src\main\AndroidManifest.xml:122:4-68
	android:name
		ADDED from src\main\AndroidManifest.xml:122:12-65
action#android.net.conn.CONNECTIVITY_CHANGE
ADDED from src\main\AndroidManifest.xml:123:4-66
	android:name
		ADDED from src\main\AndroidManifest.xml:123:12-63